# JRE version: Java(TM) SE Runtime Environment (8.0_181-b13) (build 1.8.0_181-b13)
# Java VM: Java HotSpot(TM) 64-Bit Server VM (25.181-b13 mixed mode windows-amd64 compressed oops)
Heap:
 PSYoungGen      total 478208K, used 326081K [0x00000000d5580000, 0x00000000f4700000, 0x0000000100000000)
  eden space 451072K, 67% used [0x00000000d5580000,0x00000000e7ee85a8,0x00000000f0e00000)
  from space 27136K, 79% used [0x00000000f2c80000,0x00000000f4188000,0x00000000f4700000)
  to   space 29184K, 0% used [0x00000000f0e00000,0x00000000f0e00000,0x00000000f2a80000)
 ParOldGen       total 177664K, used 148724K [0x0000000080000000, 0x000000008ad80000, 0x00000000d5580000)
  object space 177664K, 83% used [0x0000000080000000,0x000000008913d298,0x000000008ad80000)
 Metaspace       used 52320K, capacity 55482K, committed 55680K, reserved 1097728K
  class space    used 6926K, capacity 7465K, committed 7552K, reserved 1048576K
GC Heap History (10 events):
Event: 50.250 GC heap before
{Heap before GC invocations=19 (full 3):
 PSYoungGen      total 278016K, used 259584K [0x00000000d5580000, 0x00000000ecc00000, 0x0000000100000000)
  eden space 259584K, 100% used [0x00000000d5580000,0x00000000e5300000,0x00000000e5300000)
  from space 18432K, 0% used [0x00000000e5300000,0x00000000e5300000,0x00000000e6500000)
  to   space 19456K, 0% used [0x00000000eb900000,0x00000000eb900000,0x00000000ecc00000)
 ParOldGen       total 177664K, used 76559K [0x0000000080000000, 0x000000008ad80000, 0x00000000d5580000)
  object space 177664K, 43% used [0x0000000080000000,0x0000000084ac3d48,0x000000008ad80000)
 Metaspace       used 51474K, capacity 54444K, committed 54528K, reserved 1095680K
  class space    used 6881K, capacity 7372K, committed 7424K, reserved 1048576K
Event: 50.283 GC heap after
Heap after GC invocations=19 (full 3):
 PSYoungGen      total 328704K, used 19432K [0x00000000d5580000, 0x00000000ecc00000, 0x0000000100000000)
  eden space 309248K, 0% used [0x00000000d5580000,0x00000000d5580000,0x00000000e8380000)
  from space 19456K, 99% used [0x00000000eb900000,0x00000000ecbfa110,0x00000000ecc00000)
  to   space 22528K, 0% used [0x00000000ea000000,0x00000000ea000000,0x00000000eb600000)
 ParOldGen       total 177664K, used 78994K [0x0000000080000000, 0x000000008ad80000, 0x00000000d5580000)
  object space 177664K, 44% used [0x0000000080000000,0x0000000084d24ae0,0x000000008ad80000)
 Metaspace       used 51474K, capacity 54444K, committed 54528K, reserved 1095680K
  class space    used 6881K, capacity 7372K, committed 7424K, reserved 1048576K
}
Event: 53.250 GC heap before
{Heap before GC invocations=20 (full 3):
 PSYoungGen      total 328704K, used 328680K [0x00000000d5580000, 0x00000000ecc00000, 0x0000000100000000)
  eden space 309248K, 100% used [0x00000000d5580000,0x00000000e8380000,0x00000000e8380000)
  from space 19456K, 99% used [0x00000000eb900000,0x00000000ecbfa110,0x00000000ecc00000)
  to   space 22528K, 0% used [0x00000000ea000000,0x00000000ea000000,0x00000000eb600000)
 ParOldGen       total 177664K, used 78994K [0x0000000080000000, 0x000000008ad80000, 0x00000000d5580000)
  object space 177664K, 44% used [0x0000000080000000,0x0000000084d24ae0,0x000000008ad80000)
 Metaspace       used 51626K, capacity 54580K, committed 54784K, reserved 1097728K
  class space    used 6882K, capacity 7372K, committed 7424K, reserved 1048576K
Event: 53.454 GC heap after
Heap after GC invocations=20 (full 3):
 PSYoungGen      total 360960K, used 9648K [0x00000000d5580000, 0x00000000eeb00000, 0x0000000100000000)
  eden space 338432K, 0% used [0x00000000d5580000,0x00000000d5580000,0x00000000ea000000)
  from space 22528K, 42% used [0x00000000ea000000,0x00000000ea96c040,0x00000000eb600000)
  to   space 22016K, 0% used [0x00000000ed580000,0x00000000ed580000,0x00000000eeb00000)
 ParOldGen       total 177664K, used 98081K [0x0000000080000000, 0x000000008ad80000, 0x00000000d5580000)
  object space 177664K, 55% used [0x0000000080000000,0x0000000085fc8690,0x000000008ad80000)
 Metaspace       used 51626K, capacity 54580K, committed 54784K, reserved 1097728K
  class space    used 6882K, capacity 7372K, committed 7424K, reserved 1048576K
}
Event: 57.195 GC heap before
{Heap before GC invocations=21 (full 3):
 PSYoungGen      total 360960K, used 348080K [0x00000000d5580000, 0x00000000eeb00000, 0x0000000100000000)
  eden space 338432K, 100% used [0x00000000d5580000,0x00000000ea000000,0x00000000ea000000)
  from space 22528K, 42% used [0x00000000ea000000,0x00000000ea96c040,0x00000000eb600000)
  to   space 22016K, 0% used [0x00000000ed580000,0x00000000ed580000,0x00000000eeb00000)
 ParOldGen       total 177664K, used 98081K [0x0000000080000000, 0x000000008ad80000, 0x00000000d5580000)
  object space 177664K, 55% used [0x0000000080000000,0x0000000085fc8690,0x000000008ad80000)
 Metaspace       used 51728K, capacity 54748K, committed 55040K, reserved 1097728K
  class space    used 6887K, capacity 7378K, committed 7424K, reserved 1048576K
Event: 57.474 GC heap after
Heap after GC invocations=21 (full 3):
 PSYoungGen      total 390656K, used 21280K [0x00000000d5580000, 0x00000000f1e00000, 0x0000000100000000)
  eden space 368640K, 0% used [0x00000000d5580000,0x00000000d5580000,0x00000000ebd80000)
  from space 22016K, 96% used [0x00000000ed580000,0x00000000eea48000,0x00000000eeb00000)
  to   space 24576K, 0% used [0x00000000ebd80000,0x00000000ebd80000,0x00000000ed580000)
 ParOldGen       total 177664K, used 107130K [0x0000000080000000, 0x000000008ad80000, 0x00000000d5580000)
  object space 177664K, 60% used [0x0000000080000000,0x000000008689eb68,0x000000008ad80000)
 Metaspace       used 51728K, capacity 54748K, committed 55040K, reserved 1097728K
  class space    used 6887K, capacity 7378K, committed 7424K, reserved 1048576K
}
Event: 59.944 GC heap before
{Heap before GC invocations=22 (full 3):
 PSYoungGen      total 390656K, used 389920K [0x00000000d5580000, 0x00000000f1e00000, 0x0000000100000000)
  eden space 368640K, 100% used [0x00000000d5580000,0x00000000ebd80000,0x00000000ebd80000)
  from space 22016K, 96% used [0x00000000ed580000,0x00000000eea48000,0x00000000eeb00000)
  to   space 24576K, 0% used [0x00000000ebd80000,0x00000000ebd80000,0x00000000ed580000)
 ParOldGen       total 177664K, used 107130K [0x0000000080000000, 0x000000008ad80000, 0x00000000d5580000)
  object space 177664K, 60% used [0x0000000080000000,0x000000008689eb68,0x000000008ad80000)
 Metaspace       used 51973K, capacity 55024K, committed 55040K, reserved 1097728K
  class space    used 6908K, capacity 7418K, committed 7424K, reserved 1048576K
Event: 60.032 GC heap after
Heap after GC invocations=22 (full 3):
 PSYoungGen      total 393216K, used 23072K [0x00000000d5580000, 0x00000000f4700000, 0x0000000100000000)
  eden space 368640K, 0% used [0x00000000d5580000,0x00000000d5580000,0x00000000ebd80000)
  from space 24576K, 93% used [0x00000000ebd80000,0x00000000ed408000,0x00000000ed580000)
  to   space 27136K, 0% used [0x00000000f2c80000,0x00000000f2c80000,0x00000000f4700000)
 ParOldGen       total 177664K, used 126519K [0x0000000080000000, 0x000000008ad80000, 0x00000000d5580000)
  object space 177664K, 71% used [0x0000000080000000,0x0000000087b8de80,0x000000008ad80000)
 Metaspace       used 51973K, capacity 55024K, committed 55040K, reserved 1097728K
  class space    used 6908K, capacity 7418K, committed 7424K, reserved 1048576K
}
Event: 62.014 GC heap before
{Heap before GC invocations=23 (full 3):
 PSYoungGen      total 393216K, used 391712K [0x00000000d5580000, 0x00000000f4700000, 0x0000000100000000)
  eden space 368640K, 100% used [0x00000000d5580000,0x00000000ebd80000,0x00000000ebd80000)
  from space 24576K, 93% used [0x00000000ebd80000,0x00000000ed408000,0x00000000ed580000)
  to   space 27136K, 0% used [0x00000000f2c80000,0x00000000f2c80000,0x00000000f4700000)
 ParOldGen       total 177664K, used 126519K [0x0000000080000000, 0x000000008ad80000, 0x00000000d5580000)
  object space 177664K, 71% used [0x0000000080000000,0x0000000087b8de80,0x000000008ad80000)
 Metaspace       used 51979K, capacity 55056K, committed 55168K, reserved 1097728K
  class space    used 6909K, capacity 7450K, committed 7552K, reserved 1048576K
Event: 62.053 GC heap after
Heap after GC invocations=23 (full 3):
 PSYoungGen      total 478208K, used 21536K [0x00000000d5580000, 0x00000000f4700000, 0x0000000100000000)
  eden space 451072K, 0% used [0x00000000d5580000,0x00000000d5580000,0x00000000f0e00000)
  from space 27136K, 79% used [0x00000000f2c80000,0x00000000f4188000,0x00000000f4700000)
  to   space 29184K, 0% used [0x00000000f0e00000,0x00000000f0e00000,0x00000000f2a80000)
 ParOldGen       total 177664K, used 148724K [0x0000000080000000, 0x000000008ad80000, 0x00000000d5580000)
  object space 177664K, 83% used [0x0000000080000000,0x000000008913d298,0x000000008ad80000)
 Metaspace       used 51979K, capacity 55056K, committed 55168K, reserved 1097728K
  class space    used 6909K, capacity 7450K, committed 7552K, reserved 1048576K
}

