# JRE version: Java(TM) SE Runtime Environment (8.0_181-b13) (build 1.8.0_181-b13)
# Java VM: Java HotSpot(TM) 64-Bit Server VM (25.181-b13 mixed mode windows-amd64 compressed oops)
Heap:
 PSYoungGen      total 205824K, used 33727K [0x00000000d5580000, 0x00000000e6880000, 0x0000000100000000)
  eden space 180224K, 10% used [0x00000000d5580000,0x00000000d67a1e88,0x00000000e0580000)
  from space 25600K, 59% used [0x00000000e0580000,0x00000000e144e040,0x00000000e1e80000)
  to   space 25600K, 0% used [0x00000000e4f80000,0x00000000e4f80000,0x00000000e6880000)
 ParOldGen       total 95744K, used 48732K [0x0000000080000000, 0x0000000085d80000, 0x00000000d5580000)
  object space 95744K, 50% used [0x0000000080000000,0x0000000082f97128,0x0000000085d80000)
 Metaspace       used 54436K, capacity 57718K, committed 57856K, reserved 1099776K
  class space    used 7321K, capacity 7906K, committed 7936K, reserved 1048576K
GC Heap History (10 events):
Event: 9.236 GC heap before
{Heap before GC invocations=9 (full 2):
 PSYoungGen      total 139264K, used 9868K [0x00000000d5580000, 0x00000000e0080000, 0x0000000100000000)
  eden space 127488K, 0% used [0x00000000d5580000,0x00000000d5580000,0x00000000dd200000)
  from space 11776K, 83% used [0x00000000dd200000,0x00000000ddba33d8,0x00000000ddd80000)
  to   space 12288K, 0% used [0x00000000df480000,0x00000000df480000,0x00000000e0080000)
 ParOldGen       total 64000K, used 10639K [0x0000000080000000, 0x0000000083e80000, 0x00000000d5580000)
  object space 64000K, 16% used [0x0000000080000000,0x0000000080a63da0,0x0000000083e80000)
 Metaspace       used 34323K, capacity 35366K, committed 35456K, reserved 1079296K
  class space    used 4671K, capacity 4942K, committed 4992K, reserved 1048576K
Event: 9.321 GC heap after
Heap after GC invocations=9 (full 2):
 PSYoungGen      total 139264K, used 0K [0x00000000d5580000, 0x00000000e0080000, 0x0000000100000000)
  eden space 127488K, 0% used [0x00000000d5580000,0x00000000d5580000,0x00000000dd200000)
  from space 11776K, 0% used [0x00000000dd200000,0x00000000dd200000,0x00000000ddd80000)
  to   space 12288K, 0% used [0x00000000df480000,0x00000000df480000,0x00000000e0080000)
 ParOldGen       total 95744K, used 16508K [0x0000000080000000, 0x0000000085d80000, 0x00000000d5580000)
  object space 95744K, 17% used [0x0000000080000000,0x000000008101f090,0x0000000085d80000)
 Metaspace       used 34323K, capacity 35366K, committed 35456K, reserved 1079296K
  class space    used 4671K, capacity 4942K, committed 4992K, reserved 1048576K
}
Event: 12.221 GC heap before
{Heap before GC invocations=10 (full 2):
 PSYoungGen      total 139264K, used 127488K [0x00000000d5580000, 0x00000000e0080000, 0x0000000100000000)
  eden space 127488K, 100% used [0x00000000d5580000,0x00000000dd200000,0x00000000dd200000)
  from space 11776K, 0% used [0x00000000dd200000,0x00000000dd200000,0x00000000ddd80000)
  to   space 12288K, 0% used [0x00000000df480000,0x00000000df480000,0x00000000e0080000)
 ParOldGen       total 95744K, used 16508K [0x0000000080000000, 0x0000000085d80000, 0x00000000d5580000)
  object space 95744K, 17% used [0x0000000080000000,0x000000008101f090,0x0000000085d80000)
 Metaspace       used 41299K, capacity 43098K, committed 43264K, reserved 1087488K
  class space    used 5684K, capacity 6069K, committed 6144K, reserved 1048576K
Event: 12.244 GC heap after
Heap after GC invocations=10 (full 2):
 PSYoungGen      total 160768K, used 12286K [0x00000000d5580000, 0x00000000e2200000, 0x0000000100000000)
  eden space 148480K, 0% used [0x00000000d5580000,0x00000000d5580000,0x00000000de680000)
  from space 12288K, 99% used [0x00000000df480000,0x00000000e007fbe0,0x00000000e0080000)
  to   space 14336K, 0% used [0x00000000de680000,0x00000000de680000,0x00000000df480000)
 ParOldGen       total 95744K, used 17180K [0x0000000080000000, 0x0000000085d80000, 0x00000000d5580000)
  object space 95744K, 17% used [0x0000000080000000,0x00000000810c7180,0x0000000085d80000)
 Metaspace       used 41299K, capacity 43098K, committed 43264K, reserved 1087488K
  class space    used 5684K, capacity 6069K, committed 6144K, reserved 1048576K
}
Event: 14.621 GC heap before
{Heap before GC invocations=11 (full 2):
 PSYoungGen      total 160768K, used 160766K [0x00000000d5580000, 0x00000000e2200000, 0x0000000100000000)
  eden space 148480K, 100% used [0x00000000d5580000,0x00000000de680000,0x00000000de680000)
  from space 12288K, 99% used [0x00000000df480000,0x00000000e007fbe0,0x00000000e0080000)
  to   space 14336K, 0% used [0x00000000de680000,0x00000000de680000,0x00000000df480000)
 ParOldGen       total 95744K, used 17180K [0x0000000080000000, 0x0000000085d80000, 0x00000000d5580000)
  object space 95744K, 17% used [0x0000000080000000,0x00000000810c7180,0x0000000085d80000)
 Metaspace       used 46208K, capacity 49006K, committed 49280K, reserved 1091584K
  class space    used 6453K, capacity 6960K, committed 7040K, reserved 1048576K
Event: 14.654 GC heap after
Heap after GC invocations=11 (full 2):
 PSYoungGen      total 162816K, used 14304K [0x00000000d5580000, 0x00000000e3280000, 0x0000000100000000)
  eden space 148480K, 0% used [0x00000000d5580000,0x00000000d5580000,0x00000000de680000)
  from space 14336K, 99% used [0x00000000de680000,0x00000000df4780d0,0x00000000df480000)
  to   space 20480K, 0% used [0x00000000e1e80000,0x00000000e1e80000,0x00000000e3280000)
 ParOldGen       total 95744K, used 28245K [0x0000000080000000, 0x0000000085d80000, 0x00000000d5580000)
  object space 95744K, 29% used [0x0000000080000000,0x0000000081b957b8,0x0000000085d80000)
 Metaspace       used 46208K, capacity 49006K, committed 49280K, reserved 1091584K
  class space    used 6453K, capacity 6960K, committed 7040K, reserved 1048576K
}
Event: 16.723 GC heap before
{Heap before GC invocations=12 (full 2):
 PSYoungGen      total 162816K, used 162784K [0x00000000d5580000, 0x00000000e3280000, 0x0000000100000000)
  eden space 148480K, 100% used [0x00000000d5580000,0x00000000de680000,0x00000000de680000)
  from space 14336K, 99% used [0x00000000de680000,0x00000000df4780d0,0x00000000df480000)
  to   space 20480K, 0% used [0x00000000e1e80000,0x00000000e1e80000,0x00000000e3280000)
 ParOldGen       total 95744K, used 28245K [0x0000000080000000, 0x0000000085d80000, 0x00000000d5580000)
  object space 95744K, 29% used [0x0000000080000000,0x0000000081b957b8,0x0000000085d80000)
 Metaspace       used 53190K, capacity 56336K, committed 56448K, reserved 1097728K
  class space    used 7222K, capacity 7771K, committed 7808K, reserved 1048576K
Event: 16.743 GC heap after
Heap after GC invocations=12 (full 2):
 PSYoungGen      total 200704K, used 20456K [0x00000000d5580000, 0x00000000e3a80000, 0x0000000100000000)
  eden space 180224K, 0% used [0x00000000d5580000,0x00000000d5580000,0x00000000e0580000)
  from space 20480K, 99% used [0x00000000e1e80000,0x00000000e327a0c0,0x00000000e3280000)
  to   space 25600K, 0% used [0x00000000e0580000,0x00000000e0580000,0x00000000e1e80000)
 ParOldGen       total 95744K, used 34669K [0x0000000080000000, 0x0000000085d80000, 0x00000000d5580000)
  object space 95744K, 36% used [0x0000000080000000,0x00000000821db730,0x0000000085d80000)
 Metaspace       used 53190K, capacity 56336K, committed 56448K, reserved 1097728K
  class space    used 7222K, capacity 7771K, committed 7808K, reserved 1048576K
}
Event: 17.760 GC heap before
{Heap before GC invocations=13 (full 2):
 PSYoungGen      total 200704K, used 200680K [0x00000000d5580000, 0x00000000e3a80000, 0x0000000100000000)
  eden space 180224K, 100% used [0x00000000d5580000,0x00000000e0580000,0x00000000e0580000)
  from space 20480K, 99% used [0x00000000e1e80000,0x00000000e327a0c0,0x00000000e3280000)
  to   space 25600K, 0% used [0x00000000e0580000,0x00000000e0580000,0x00000000e1e80000)
 ParOldGen       total 95744K, used 34669K [0x0000000080000000, 0x0000000085d80000, 0x00000000d5580000)
  object space 95744K, 36% used [0x0000000080000000,0x00000000821db730,0x0000000085d80000)
 Metaspace       used 54298K, capacity 57586K, committed 57856K, reserved 1099776K
  class space    used 7319K, capacity 7904K, committed 7936K, reserved 1048576K
Event: 17.793 GC heap after
Heap after GC invocations=13 (full 2):
 PSYoungGen      total 205824K, used 15160K [0x00000000d5580000, 0x00000000e6880000, 0x0000000100000000)
  eden space 180224K, 0% used [0x00000000d5580000,0x00000000d5580000,0x00000000e0580000)
  from space 25600K, 59% used [0x00000000e0580000,0x00000000e144e040,0x00000000e1e80000)
  to   space 25600K, 0% used [0x00000000e4f80000,0x00000000e4f80000,0x00000000e6880000)
 ParOldGen       total 95744K, used 48732K [0x0000000080000000, 0x0000000085d80000, 0x00000000d5580000)
  object space 95744K, 50% used [0x0000000080000000,0x0000000082f97128,0x0000000085d80000)
 Metaspace       used 54298K, capacity 57586K, committed 57856K, reserved 1099776K
  class space    used 7319K, capacity 7904K, committed 7936K, reserved 1048576K
}

