# JRE version: Java(TM) SE Runtime Environment (8.0_181-b13) (build 1.8.0_181-b13)
# Java VM: Java HotSpot(TM) 64-Bit Server VM (25.181-b13 mixed mode windows-amd64 compressed oops)
Heap:
 PSYoungGen      total 604672K, used 385318K [0x00000000d5580000, 0x0000000100000000, 0x0000000100000000)
  eden space 551424K, 60% used [0x00000000d5580000,0x00000000e99d1928,0x00000000f7000000)
  from space 53248K, 99% used [0x00000000fcc00000,0x00000000ffff8130,0x0000000100000000)
  to   space 73728K, 0% used [0x00000000f7000000,0x00000000f7000000,0x00000000fb800000)
 ParOldGen       total 454656K, used 264436K [0x0000000080000000, 0x000000009bc00000, 0x00000000d5580000)
  object space 454656K, 58% used [0x0000000080000000,0x000000009023d2c0,0x000000009bc00000)
 Metaspace       used 53410K, capacity 56854K, committed 57088K, reserved 1099776K
  class space    used 6997K, capacity 7565K, committed 7680K, reserved 1048576K
GC Heap History (10 events):
Event: 50.221 GC heap before
{Heap before GC invocations=40 (full 6):
 PSYoungGen      total 645632K, used 32976K [0x00000000d5580000, 0x0000000100000000, 0x0000000100000000)
  eden space 594432K, 0% used [0x00000000d5580000,0x00000000d5580000,0x00000000f9a00000)
  from space 51200K, 64% used [0x00000000fcb80000,0x00000000febb4010,0x00000000ffd80000)
  to   space 50688K, 0% used [0x00000000f9a00000,0x00000000f9a00000,0x00000000fcb80000)
 ParOldGen       total 241664K, used 209485K [0x0000000080000000, 0x000000008ec00000, 0x00000000d5580000)
  object space 241664K, 86% used [0x0000000080000000,0x000000008cc937f0,0x000000008ec00000)
 Metaspace       used 52770K, capacity 55956K, committed 56192K, reserved 1097728K
  class space    used 6952K, capacity 7481K, committed 7552K, reserved 1048576K
Event: 50.767 GC heap after
Heap after GC invocations=40 (full 6):
 PSYoungGen      total 645632K, used 0K [0x00000000d5580000, 0x0000000100000000, 0x0000000100000000)
  eden space 594432K, 0% used [0x00000000d5580000,0x00000000d5580000,0x00000000f9a00000)
  from space 51200K, 0% used [0x00000000fcb80000,0x00000000fcb80000,0x00000000ffd80000)
  to   space 50688K, 0% used [0x00000000f9a00000,0x00000000f9a00000,0x00000000fcb80000)
 ParOldGen       total 454656K, used 233033K [0x0000000080000000, 0x000000009bc00000, 0x00000000d5580000)
  object space 454656K, 51% used [0x0000000080000000,0x000000008e392660,0x000000009bc00000)
 Metaspace       used 52770K, capacity 55956K, committed 56192K, reserved 1097728K
  class space    used 6952K, capacity 7481K, committed 7552K, reserved 1048576K
}
Event: 160.706 GC heap before
{Heap before GC invocations=41 (full 6):
 PSYoungGen      total 645632K, used 594432K [0x00000000d5580000, 0x0000000100000000, 0x0000000100000000)
  eden space 594432K, 100% used [0x00000000d5580000,0x00000000f9a00000,0x00000000f9a00000)
  from space 51200K, 0% used [0x00000000fcb80000,0x00000000fcb80000,0x00000000ffd80000)
  to   space 50688K, 0% used [0x00000000f9a00000,0x00000000f9a00000,0x00000000fcb80000)
 ParOldGen       total 454656K, used 233033K [0x0000000080000000, 0x000000009bc00000, 0x00000000d5580000)
  object space 454656K, 51% used [0x0000000080000000,0x000000008e392660,0x000000009bc00000)
 Metaspace       used 53099K, capacity 56398K, committed 56448K, reserved 1097728K
  class space    used 6982K, capacity 7517K, committed 7552K, reserved 1048576K
Event: 160.828 GC heap after
Heap after GC invocations=41 (full 6):
 PSYoungGen      total 645120K, used 40518K [0x00000000d5580000, 0x0000000100000000, 0x0000000100000000)
  eden space 594432K, 0% used [0x00000000d5580000,0x00000000d5580000,0x00000000f9a00000)
  from space 50688K, 79% used [0x00000000f9a00000,0x00000000fc191978,0x00000000fcb80000)
  to   space 52736K, 0% used [0x00000000fcc80000,0x00000000fcc80000,0x0000000100000000)
 ParOldGen       total 454656K, used 233041K [0x0000000080000000, 0x000000009bc00000, 0x00000000d5580000)
  object space 454656K, 51% used [0x0000000080000000,0x000000008e394660,0x000000009bc00000)
 Metaspace       used 53099K, capacity 56398K, committed 56448K, reserved 1097728K
  class space    used 6982K, capacity 7517K, committed 7552K, reserved 1048576K
}
Event: 184.369 GC heap before
{Heap before GC invocations=42 (full 6):
 PSYoungGen      total 645120K, used 634950K [0x00000000d5580000, 0x0000000100000000, 0x0000000100000000)
  eden space 594432K, 100% used [0x00000000d5580000,0x00000000f9a00000,0x00000000f9a00000)
  from space 50688K, 79% used [0x00000000f9a00000,0x00000000fc191978,0x00000000fcb80000)
  to   space 52736K, 0% used [0x00000000fcc80000,0x00000000fcc80000,0x0000000100000000)
 ParOldGen       total 454656K, used 233041K [0x0000000080000000, 0x000000009bc00000, 0x00000000d5580000)
  object space 454656K, 51% used [0x0000000080000000,0x000000008e394660,0x000000009bc00000)
 Metaspace       used 53280K, capacity 56656K, committed 56832K, reserved 1097728K
  class space    used 6995K, capacity 7564K, committed 7680K, reserved 1048576K
Event: 184.385 GC heap after
Heap after GC invocations=42 (full 6):
 PSYoungGen      total 646656K, used 25350K [0x00000000d5580000, 0x00000000fff00000, 0x0000000100000000)
  eden space 594944K, 0% used [0x00000000d5580000,0x00000000d5580000,0x00000000f9a80000)
  from space 51712K, 49% used [0x00000000fcc80000,0x00000000fe541928,0x00000000fff00000)
  to   space 51200K, 0% used [0x00000000f9a80000,0x00000000f9a80000,0x00000000fcc80000)
 ParOldGen       total 454656K, used 233049K [0x0000000080000000, 0x000000009bc00000, 0x00000000d5580000)
  object space 454656K, 51% used [0x0000000080000000,0x000000008e396660,0x000000009bc00000)
 Metaspace       used 53280K, capacity 56656K, committed 56832K, reserved 1097728K
  class space    used 6995K, capacity 7564K, committed 7680K, reserved 1048576K
}
Event: 186.379 GC heap before
{Heap before GC invocations=43 (full 6):
 PSYoungGen      total 646656K, used 620294K [0x00000000d5580000, 0x00000000fff00000, 0x0000000100000000)
  eden space 594944K, 100% used [0x00000000d5580000,0x00000000f9a80000,0x00000000f9a80000)
  from space 51712K, 49% used [0x00000000fcc80000,0x00000000fe541928,0x00000000fff00000)
  to   space 51200K, 0% used [0x00000000f9a80000,0x00000000f9a80000,0x00000000fcc80000)
 ParOldGen       total 454656K, used 233049K [0x0000000080000000, 0x000000009bc00000, 0x00000000d5580000)
  object space 454656K, 51% used [0x0000000080000000,0x000000008e396660,0x000000009bc00000)
 Metaspace       used 53284K, capacity 56662K, committed 56832K, reserved 1097728K
  class space    used 6995K, capacity 7565K, committed 7680K, reserved 1048576K
Event: 186.406 GC heap after
Heap after GC invocations=43 (full 6):
 PSYoungGen      total 645632K, used 50214K [0x00000000d5580000, 0x0000000100000000, 0x0000000100000000)
  eden space 594944K, 0% used [0x00000000d5580000,0x00000000d5580000,0x00000000f9a80000)
  from space 50688K, 99% used [0x00000000f9a80000,0x00000000fcb899a8,0x00000000fcc00000)
  to   space 53248K, 0% used [0x00000000fcc00000,0x00000000fcc00000,0x0000000100000000)
 ParOldGen       total 454656K, used 233049K [0x0000000080000000, 0x000000009bc00000, 0x00000000d5580000)
  object space 454656K, 51% used [0x0000000080000000,0x000000008e396660,0x000000009bc00000)
 Metaspace       used 53284K, capacity 56662K, committed 56832K, reserved 1097728K
  class space    used 6995K, capacity 7565K, committed 7680K, reserved 1048576K
}
Event: 188.126 GC heap before
{Heap before GC invocations=44 (full 6):
 PSYoungGen      total 645632K, used 645158K [0x00000000d5580000, 0x0000000100000000, 0x0000000100000000)
  eden space 594944K, 100% used [0x00000000d5580000,0x00000000f9a80000,0x00000000f9a80000)
  from space 50688K, 99% used [0x00000000f9a80000,0x00000000fcb899a8,0x00000000fcc00000)
  to   space 53248K, 0% used [0x00000000fcc00000,0x00000000fcc00000,0x0000000100000000)
 ParOldGen       total 454656K, used 233049K [0x0000000080000000, 0x000000009bc00000, 0x00000000d5580000)
  object space 454656K, 51% used [0x0000000080000000,0x000000008e396660,0x000000009bc00000)
 Metaspace       used 53300K, capacity 56662K, committed 56832K, reserved 1097728K
  class space    used 6996K, capacity 7565K, committed 7680K, reserved 1048576K
Event: 188.170 GC heap after
Heap after GC invocations=44 (full 6):
 PSYoungGen      total 604672K, used 53216K [0x00000000d5580000, 0x0000000100000000, 0x0000000100000000)
  eden space 551424K, 0% used [0x00000000d5580000,0x00000000d5580000,0x00000000f7000000)
  from space 53248K, 99% used [0x00000000fcc00000,0x00000000ffff8130,0x0000000100000000)
  to   space 73728K, 0% used [0x00000000f7000000,0x00000000f7000000,0x00000000fb800000)
 ParOldGen       total 454656K, used 264436K [0x0000000080000000, 0x000000009bc00000, 0x00000000d5580000)
  object space 454656K, 58% used [0x0000000080000000,0x000000009023d2c0,0x000000009bc00000)
 Metaspace       used 53300K, capacity 56662K, committed 56832K, reserved 1097728K
  class space    used 6996K, capacity 7565K, committed 7680K, reserved 1048576K
}

