# JRE version: Java(TM) SE Runtime Environment (8.0_181-b13) (build 1.8.0_181-b13)
# Java VM: Java HotSpot(TM) 64-Bit Server VM (25.181-b13 mixed mode windows-amd64 compressed oops)
Heap:
 PSYoungGen      total 166400K, used 13976K [0x00000000d5580000, 0x00000000e2700000, 0x0000000100000000)
  eden space 152576K, 2% used [0x00000000d5580000,0x00000000d5889a08,0x00000000dea80000)
  from space 13824K, 78% used [0x00000000df880000,0x00000000e031c9c8,0x00000000e0600000)
  to   space 14336K, 0% used [0x00000000dea80000,0x00000000dea80000,0x00000000df880000)
 ParOldGen       total 96768K, used 18350K [0x0000000080000000, 0x0000000085e80000, 0x00000000d5580000)
  object space 96768K, 18% used [0x0000000080000000,0x00000000811eb8f0,0x0000000085e80000)
 Metaspace       used 39687K, capacity 41288K, committed 41472K, reserved 1085440K
  class space    used 5661K, capacity 6033K, committed 6144K, reserved 1048576K
GC Heap History (10 events):
Event: 5.920 GC heap before
{Heap before GC invocations=6 (full 1):
 PSYoungGen      total 70656K, used 5100K [0x00000000d5580000, 0x00000000dec80000, 0x0000000100000000)
  eden space 65536K, 0% used [0x00000000d5580000,0x00000000d5580000,0x00000000d9580000)
  from space 5120K, 99% used [0x00000000d9580000,0x00000000d9a7b050,0x00000000d9a80000)
  to   space 11776K, 0% used [0x00000000de100000,0x00000000de100000,0x00000000dec80000)
 ParOldGen       total 86016K, used 10092K [0x0000000080000000, 0x0000000085400000, 0x00000000d5580000)
  object space 86016K, 11% used [0x0000000080000000,0x00000000809db190,0x0000000085400000)
 Metaspace       used 20581K, capacity 21238K, committed 21296K, reserved 1067008K
  class space    used 2947K, capacity 3143K, committed 3200K, reserved 1048576K
Event: 6.021 GC heap after
Heap after GC invocations=6 (full 1):
 PSYoungGen      total 70656K, used 0K [0x00000000d5580000, 0x00000000dec80000, 0x0000000100000000)
  eden space 65536K, 0% used [0x00000000d5580000,0x00000000d5580000,0x00000000d9580000)
  from space 5120K, 0% used [0x00000000d9580000,0x00000000d9580000,0x00000000d9a80000)
  to   space 11776K, 0% used [0x00000000de100000,0x00000000de100000,0x00000000dec80000)
 ParOldGen       total 64000K, used 10398K [0x0000000080000000, 0x0000000083e80000, 0x00000000d5580000)
  object space 64000K, 16% used [0x0000000080000000,0x0000000080a27958,0x0000000083e80000)
 Metaspace       used 20581K, capacity 21238K, committed 21296K, reserved 1067008K
  class space    used 2947K, capacity 3143K, committed 3200K, reserved 1048576K
}
Event: 7.893 GC heap before
{Heap before GC invocations=7 (full 1):
 PSYoungGen      total 70656K, used 65536K [0x00000000d5580000, 0x00000000dec80000, 0x0000000100000000)
  eden space 65536K, 100% used [0x00000000d5580000,0x00000000d9580000,0x00000000d9580000)
  from space 5120K, 0% used [0x00000000d9580000,0x00000000d9580000,0x00000000d9a80000)
  to   space 11776K, 0% used [0x00000000de100000,0x00000000de100000,0x00000000dec80000)
 ParOldGen       total 64000K, used 10398K [0x0000000080000000, 0x0000000083e80000, 0x00000000d5580000)
  object space 64000K, 16% used [0x0000000080000000,0x0000000080a27958,0x0000000083e80000)
 Metaspace       used 28466K, capacity 29242K, committed 29312K, reserved 1075200K
  class space    used 3984K, capacity 4216K, committed 4224K, reserved 1048576K
Event: 7.908 GC heap after
Heap after GC invocations=7 (full 1):
 PSYoungGen      total 107520K, used 8551K [0x00000000d5580000, 0x00000000de980000, 0x0000000100000000)
  eden space 98816K, 0% used [0x00000000d5580000,0x00000000d5580000,0x00000000db600000)
  from space 8704K, 98% used [0x00000000de100000,0x00000000de959cb8,0x00000000de980000)
  to   space 11776K, 0% used [0x00000000dd280000,0x00000000dd280000,0x00000000dde00000)
 ParOldGen       total 64000K, used 10406K [0x0000000080000000, 0x0000000083e80000, 0x00000000d5580000)
  object space 64000K, 16% used [0x0000000080000000,0x0000000080a29958,0x0000000083e80000)
 Metaspace       used 28466K, capacity 29242K, committed 29312K, reserved 1075200K
  class space    used 3984K, capacity 4216K, committed 4224K, reserved 1048576K
}
Event: 9.707 GC heap before
{Heap before GC invocations=8 (full 1):
 PSYoungGen      total 107520K, used 102399K [0x00000000d5580000, 0x00000000de980000, 0x0000000100000000)
  eden space 98816K, 94% used [0x00000000d5580000,0x00000000db1262a8,0x00000000db600000)
  from space 8704K, 98% used [0x00000000de100000,0x00000000de959cb8,0x00000000de980000)
  to   space 11776K, 0% used [0x00000000dd280000,0x00000000dd280000,0x00000000dde00000)
 ParOldGen       total 64000K, used 10406K [0x0000000080000000, 0x0000000083e80000, 0x00000000d5580000)
  object space 64000K, 16% used [0x0000000080000000,0x0000000080a29958,0x0000000083e80000)
 Metaspace       used 34442K, capacity 35422K, committed 35496K, reserved 1079296K
  class space    used 4803K, capacity 5062K, committed 5120K, reserved 1048576K
Event: 9.761 GC heap after
Heap after GC invocations=8 (full 1):
 PSYoungGen      total 139776K, used 11763K [0x00000000d5580000, 0x00000000e0600000, 0x0000000100000000)
  eden space 128000K, 0% used [0x00000000d5580000,0x00000000d5580000,0x00000000dd280000)
  from space 11776K, 99% used [0x00000000dd280000,0x00000000dddfcd00,0x00000000dde00000)
  to   space 13824K, 0% used [0x00000000df880000,0x00000000df880000,0x00000000e0600000)
 ParOldGen       total 64000K, used 10804K [0x0000000080000000, 0x0000000083e80000, 0x00000000d5580000)
  object space 64000K, 16% used [0x0000000080000000,0x0000000080a8d038,0x0000000083e80000)
 Metaspace       used 34442K, capacity 35422K, committed 35496K, reserved 1079296K
  class space    used 4803K, capacity 5062K, committed 5120K, reserved 1048576K
}
Event: 9.761 GC heap before
{Heap before GC invocations=9 (full 2):
 PSYoungGen      total 139776K, used 11763K [0x00000000d5580000, 0x00000000e0600000, 0x0000000100000000)
  eden space 128000K, 0% used [0x00000000d5580000,0x00000000d5580000,0x00000000dd280000)
  from space 11776K, 99% used [0x00000000dd280000,0x00000000dddfcd00,0x00000000dde00000)
  to   space 13824K, 0% used [0x00000000df880000,0x00000000df880000,0x00000000e0600000)
 ParOldGen       total 64000K, used 10804K [0x0000000080000000, 0x0000000083e80000, 0x00000000d5580000)
  object space 64000K, 16% used [0x0000000080000000,0x0000000080a8d038,0x0000000083e80000)
 Metaspace       used 34442K, capacity 35422K, committed 35496K, reserved 1079296K
  class space    used 4803K, capacity 5062K, committed 5120K, reserved 1048576K
Event: 9.870 GC heap after
Heap after GC invocations=9 (full 2):
 PSYoungGen      total 139776K, used 0K [0x00000000d5580000, 0x00000000e0600000, 0x0000000100000000)
  eden space 128000K, 0% used [0x00000000d5580000,0x00000000d5580000,0x00000000dd280000)
  from space 11776K, 0% used [0x00000000dd280000,0x00000000dd280000,0x00000000dde00000)
  to   space 13824K, 0% used [0x00000000df880000,0x00000000df880000,0x00000000e0600000)
 ParOldGen       total 96768K, used 18342K [0x0000000080000000, 0x0000000085e80000, 0x00000000d5580000)
  object space 96768K, 18% used [0x0000000080000000,0x00000000811e98f0,0x0000000085e80000)
 Metaspace       used 34442K, capacity 35422K, committed 35496K, reserved 1079296K
  class space    used 4803K, capacity 5062K, committed 5120K, reserved 1048576K
}
Event: 12.295 GC heap before
{Heap before GC invocations=10 (full 2):
 PSYoungGen      total 139776K, used 128000K [0x00000000d5580000, 0x00000000e0600000, 0x0000000100000000)
  eden space 128000K, 100% used [0x00000000d5580000,0x00000000dd280000,0x00000000dd280000)
  from space 11776K, 0% used [0x00000000dd280000,0x00000000dd280000,0x00000000dde00000)
  to   space 13824K, 0% used [0x00000000df880000,0x00000000df880000,0x00000000e0600000)
 ParOldGen       total 96768K, used 18342K [0x0000000080000000, 0x0000000085e80000, 0x00000000d5580000)
  object space 96768K, 18% used [0x0000000080000000,0x00000000811e98f0,0x0000000085e80000)
 Metaspace       used 39687K, capacity 41288K, committed 41472K, reserved 1085440K
  class space    used 5661K, capacity 6033K, committed 6144K, reserved 1048576K
Event: 12.330 GC heap after
Heap after GC invocations=10 (full 2):
 PSYoungGen      total 166400K, used 10866K [0x00000000d5580000, 0x00000000e2700000, 0x0000000100000000)
  eden space 152576K, 0% used [0x00000000d5580000,0x00000000d5580000,0x00000000dea80000)
  from space 13824K, 78% used [0x00000000df880000,0x00000000e031c9c8,0x00000000e0600000)
  to   space 14336K, 0% used [0x00000000dea80000,0x00000000dea80000,0x00000000df880000)
 ParOldGen       total 96768K, used 18350K [0x0000000080000000, 0x0000000085e80000, 0x00000000d5580000)
  object space 96768K, 18% used [0x0000000080000000,0x00000000811eb8f0,0x0000000085e80000)
 Metaspace       used 39687K, capacity 41288K, committed 41472K, reserved 1085440K
  class space    used 5661K, capacity 6033K, committed 6144K, reserved 1048576K
}

