# JRE version: Java(TM) SE Runtime Environment (8.0_181-b13) (build 1.8.0_181-b13)
# Java VM: Java HotSpot(TM) 64-Bit Server VM (25.181-b13 mixed mode windows-amd64 compressed oops)
Heap:
 PSYoungGen      total 547328K, used 52672K [0x00000000d5580000, 0x00000000f9080000, 0x0000000100000000)
  eden space 508416K, 10% used [0x00000000d5580000,0x00000000d88f02a0,0x00000000f4600000)
  from space 38912K, 0% used [0x00000000f6a80000,0x00000000f6a80000,0x00000000f9080000)
  to   space 37376K, 0% used [0x00000000f4600000,0x00000000f4600000,0x00000000f6a80000)
 ParOldGen       total 143872K, used 143836K [0x0000000080000000, 0x0000000088c80000, 0x00000000d5580000)
  object space 143872K, 99% used [0x0000000080000000,0x0000000088c77270,0x0000000088c80000)
 Metaspace       used 59795K, capacity 63510K, committed 63744K, reserved 1103872K
  class space    used 7964K, capacity 8614K, committed 8704K, reserved 1048576K
GC Heap History (10 events):
Event: 335.068 GC heap before
{Heap before GC invocations=19 (full 3):
 PSYoungGen      total 409088K, used 388910K [0x00000000d5580000, 0x00000000f9080000, 0x0000000100000000)
  eden space 368640K, 100% used [0x00000000d5580000,0x00000000ebd80000,0x00000000ebd80000)
  from space 40448K, 50% used [0x00000000ebd80000,0x00000000ed14bb08,0x00000000ee500000)
  to   space 38912K, 0% used [0x00000000f6a80000,0x00000000f6a80000,0x00000000f9080000)
 ParOldGen       total 143872K, used 80460K [0x0000000080000000, 0x0000000088c80000, 0x00000000d5580000)
  object space 143872K, 55% used [0x0000000080000000,0x0000000084e930a8,0x0000000088c80000)
 Metaspace       used 59569K, capacity 63246K, committed 63360K, reserved 1103872K
  class space    used 7945K, capacity 8576K, committed 8576K, reserved 1048576K
Event: 335.097 GC heap after
Heap after GC invocations=19 (full 3):
 PSYoungGen      total 547328K, used 19536K [0x00000000d5580000, 0x00000000f9080000, 0x0000000100000000)
  eden space 508416K, 0% used [0x00000000d5580000,0x00000000d5580000,0x00000000f4600000)
  from space 38912K, 50% used [0x00000000f6a80000,0x00000000f7d94010,0x00000000f9080000)
  to   space 37376K, 0% used [0x00000000f4600000,0x00000000f4600000,0x00000000f6a80000)
 ParOldGen       total 143872K, used 100178K [0x0000000080000000, 0x0000000088c80000, 0x00000000d5580000)
  object space 143872K, 69% used [0x0000000080000000,0x00000000861d4a68,0x0000000088c80000)
 Metaspace       used 59569K, capacity 63246K, committed 63360K, reserved 1103872K
  class space    used 7945K, capacity 8576K, committed 8576K, reserved 1048576K
}
Event: 336.517 GC heap before
{Heap before GC invocations=20 (full 3):
 PSYoungGen      total 547328K, used 527952K [0x00000000d5580000, 0x00000000f9080000, 0x0000000100000000)
  eden space 508416K, 100% used [0x00000000d5580000,0x00000000f4600000,0x00000000f4600000)
  from space 38912K, 50% used [0x00000000f6a80000,0x00000000f7d94010,0x00000000f9080000)
  to   space 37376K, 0% used [0x00000000f4600000,0x00000000f4600000,0x00000000f6a80000)
 ParOldGen       total 143872K, used 100178K [0x0000000080000000, 0x0000000088c80000, 0x00000000d5580000)
  object space 143872K, 69% used [0x0000000080000000,0x00000000861d4a68,0x0000000088c80000)
 Metaspace       used 59691K, capacity 63436K, committed 63744K, reserved 1103872K
  class space    used 7959K, capacity 8613K, committed 8704K, reserved 1048576K
Event: 336.556 GC heap after
Heap after GC invocations=20 (full 3):
 PSYoungGen      total 545792K, used 22320K [0x00000000d5580000, 0x00000000f9080000, 0x0000000100000000)
  eden space 508416K, 0% used [0x00000000d5580000,0x00000000d5580000,0x00000000f4600000)
  from space 37376K, 59% used [0x00000000f4600000,0x00000000f5bcc030,0x00000000f6a80000)
  to   space 38912K, 0% used [0x00000000f6a80000,0x00000000f6a80000,0x00000000f9080000)
 ParOldGen       total 143872K, used 118156K [0x0000000080000000, 0x0000000088c80000, 0x00000000d5580000)
  object space 143872K, 82% used [0x0000000080000000,0x00000000873633c8,0x0000000088c80000)
 Metaspace       used 59691K, capacity 63436K, committed 63744K, reserved 1103872K
  class space    used 7959K, capacity 8613K, committed 8704K, reserved 1048576K
}
Event: 338.246 GC heap before
{Heap before GC invocations=21 (full 3):
 PSYoungGen      total 545792K, used 530736K [0x00000000d5580000, 0x00000000f9080000, 0x0000000100000000)
  eden space 508416K, 100% used [0x00000000d5580000,0x00000000f4600000,0x00000000f4600000)
  from space 37376K, 59% used [0x00000000f4600000,0x00000000f5bcc030,0x00000000f6a80000)
  to   space 38912K, 0% used [0x00000000f6a80000,0x00000000f6a80000,0x00000000f9080000)
 ParOldGen       total 143872K, used 118156K [0x0000000080000000, 0x0000000088c80000, 0x00000000d5580000)
  object space 143872K, 82% used [0x0000000080000000,0x00000000873633c8,0x0000000088c80000)
 Metaspace       used 59762K, capacity 63504K, committed 63744K, reserved 1103872K
  class space    used 7963K, capacity 8613K, committed 8704K, reserved 1048576K
Event: 338.284 GC heap after
Heap after GC invocations=21 (full 3):
 PSYoungGen      total 547328K, used 14848K [0x00000000d5580000, 0x00000000f9080000, 0x0000000100000000)
  eden space 508416K, 0% used [0x00000000d5580000,0x00000000d5580000,0x00000000f4600000)
  from space 38912K, 38% used [0x00000000f6a80000,0x00000000f7900000,0x00000000f9080000)
  to   space 37376K, 0% used [0x00000000f4600000,0x00000000f4600000,0x00000000f6a80000)
 ParOldGen       total 143872K, used 138761K [0x0000000080000000, 0x0000000088c80000, 0x00000000d5580000)
  object space 143872K, 96% used [0x0000000080000000,0x0000000088782740,0x0000000088c80000)
 Metaspace       used 59762K, capacity 63504K, committed 63744K, reserved 1103872K
  class space    used 7963K, capacity 8613K, committed 8704K, reserved 1048576K
}
Event: 338.284 GC heap before
{Heap before GC invocations=22 (full 4):
 PSYoungGen      total 547328K, used 14848K [0x00000000d5580000, 0x00000000f9080000, 0x0000000100000000)
  eden space 508416K, 0% used [0x00000000d5580000,0x00000000d5580000,0x00000000f4600000)
  from space 38912K, 38% used [0x00000000f6a80000,0x00000000f7900000,0x00000000f9080000)
  to   space 37376K, 0% used [0x00000000f4600000,0x00000000f4600000,0x00000000f6a80000)
 ParOldGen       total 143872K, used 138761K [0x0000000080000000, 0x0000000088c80000, 0x00000000d5580000)
  object space 143872K, 96% used [0x0000000080000000,0x0000000088782740,0x0000000088c80000)
 Metaspace       used 59762K, capacity 63504K, committed 63744K, reserved 1103872K
  class space    used 7963K, capacity 8613K, committed 8704K, reserved 1048576K
Event: 339.265 GC heap after
Heap after GC invocations=22 (full 4):
 PSYoungGen      total 547328K, used 6540K [0x00000000d5580000, 0x00000000f9080000, 0x0000000100000000)
  eden space 508416K, 0% used [0x00000000d5580000,0x00000000d5580000,0x00000000f4600000)
  from space 38912K, 16% used [0x00000000f6a80000,0x00000000f70e3180,0x00000000f9080000)
  to   space 37376K, 0% used [0x00000000f4600000,0x00000000f4600000,0x00000000f6a80000)
 ParOldGen       total 143872K, used 143564K [0x0000000080000000, 0x0000000088c80000, 0x00000000d5580000)
  object space 143872K, 99% used [0x0000000080000000,0x0000000088c33020,0x0000000088c80000)
 Metaspace       used 59762K, capacity 63504K, committed 63744K, reserved 1103872K
  class space    used 7963K, capacity 8613K, committed 8704K, reserved 1048576K
}
Event: 341.385 GC heap before
{Heap before GC invocations=23 (full 5):
 PSYoungGen      total 547328K, used 514956K [0x00000000d5580000, 0x00000000f9080000, 0x0000000100000000)
  eden space 508416K, 100% used [0x00000000d5580000,0x00000000f4600000,0x00000000f4600000)
  from space 38912K, 16% used [0x00000000f6a80000,0x00000000f70e3180,0x00000000f9080000)
  to   space 37376K, 0% used [0x00000000f4600000,0x00000000f4600000,0x00000000f6a80000)
 ParOldGen       total 143872K, used 143564K [0x0000000080000000, 0x0000000088c80000, 0x00000000d5580000)
  object space 143872K, 99% used [0x0000000080000000,0x0000000088c33020,0x0000000088c80000)
 Metaspace       used 59790K, capacity 63510K, committed 63744K, reserved 1103872K
  class space    used 7964K, capacity 8614K, committed 8704K, reserved 1048576K
Event: 341.956 GC heap after
Heap after GC invocations=23 (full 5):
 PSYoungGen      total 547328K, used 32916K [0x00000000d5580000, 0x00000000f9080000, 0x0000000100000000)
  eden space 508416K, 6% used [0x00000000d5580000,0x00000000d75a5060,0x00000000f4600000)
  from space 38912K, 0% used [0x00000000f6a80000,0x00000000f6a80000,0x00000000f9080000)
  to   space 37376K, 0% used [0x00000000f4600000,0x00000000f4600000,0x00000000f6a80000)
 ParOldGen       total 143872K, used 143836K [0x0000000080000000, 0x0000000088c80000, 0x00000000d5580000)
  object space 143872K, 99% used [0x0000000080000000,0x0000000088c77270,0x0000000088c80000)
 Metaspace       used 59790K, capacity 63510K, committed 63744K, reserved 1103872K
  class space    used 7964K, capacity 8614K, committed 8704K, reserved 1048576K
}

