# JRE version: Java(TM) SE Runtime Environment (8.0_181-b13) (build 1.8.0_181-b13)
# Java VM: Java HotSpot(TM) 64-Bit Server VM (25.181-b13 mixed mode windows-amd64 compressed oops)
Heap:
 PSYoungGen      total 651264K, used 247100K [0x00000000d5580000, 0x0000000100000000, 0x0000000100000000)
  eden space 615936K, 34% used [0x00000000d5580000,0x00000000e24817f8,0x00000000faf00000)
  from space 35328K, 99% used [0x00000000faf00000,0x00000000fd14d8e8,0x00000000fd180000)
  to   space 45056K, 0% used [0x00000000fd400000,0x00000000fd400000,0x0000000100000000)
 ParOldGen       total 192000K, used 112869K [0x0000000080000000, 0x000000008bb80000, 0x00000000d5580000)
  object space 192000K, 58% used [0x0000000080000000,0x0000000086e395b8,0x000000008bb80000)
 Metaspace       used 52844K, capacity 56014K, committed 56192K, reserved 1097728K
  class space    used 6962K, capacity 7489K, committed 7552K, reserved 1048576K
GC Heap History (10 events):
Event: 404.906 GC heap before
{Heap before GC invocations=25 (full 3):
 PSYoungGen      total 457728K, used 442134K [0x00000000d5580000, 0x00000000f9600000, 0x0000000100000000)
  eden space 420864K, 100% used [0x00000000d5580000,0x00000000ef080000,0x00000000ef080000)
  from space 36864K, 57% used [0x00000000ef080000,0x00000000f05458b8,0x00000000f1480000)
  to   space 36864K, 0% used [0x00000000f7200000,0x00000000f7200000,0x00000000f9600000)
 ParOldGen       total 139264K, used 104376K [0x0000000080000000, 0x0000000088800000, 0x00000000d5580000)
  object space 139264K, 74% used [0x0000000080000000,0x00000000865ee338,0x0000000088800000)
 Metaspace       used 52502K, capacity 55658K, committed 55936K, reserved 1097728K
  class space    used 6945K, capacity 7465K, committed 7552K, reserved 1048576K
Event: 404.933 GC heap after
Heap after GC invocations=25 (full 3):
 PSYoungGen      total 549376K, used 20352K [0x00000000d5580000, 0x00000000f9300000, 0x0000000100000000)
  eden space 515584K, 0% used [0x00000000d5580000,0x00000000d5580000,0x00000000f4d00000)
  from space 33792K, 60% used [0x00000000f7200000,0x00000000f85e0050,0x00000000f9300000)
  to   space 35840K, 0% used [0x00000000f4d00000,0x00000000f4d00000,0x00000000f7000000)
 ParOldGen       total 139264K, used 124378K [0x0000000080000000, 0x0000000088800000, 0x00000000d5580000)
  object space 139264K, 89% used [0x0000000080000000,0x0000000087976b30,0x0000000088800000)
 Metaspace       used 52502K, capacity 55658K, committed 55936K, reserved 1097728K
  class space    used 6945K, capacity 7465K, committed 7552K, reserved 1048576K
}
Event: 404.933 GC heap before
{Heap before GC invocations=26 (full 4):
 PSYoungGen      total 549376K, used 20352K [0x00000000d5580000, 0x00000000f9300000, 0x0000000100000000)
  eden space 515584K, 0% used [0x00000000d5580000,0x00000000d5580000,0x00000000f4d00000)
  from space 33792K, 60% used [0x00000000f7200000,0x00000000f85e0050,0x00000000f9300000)
  to   space 35840K, 0% used [0x00000000f4d00000,0x00000000f4d00000,0x00000000f7000000)
 ParOldGen       total 139264K, used 124378K [0x0000000080000000, 0x0000000088800000, 0x00000000d5580000)
  object space 139264K, 89% used [0x0000000080000000,0x0000000087976b30,0x0000000088800000)
 Metaspace       used 52502K, capacity 55658K, committed 55936K, reserved 1097728K
  class space    used 6945K, capacity 7465K, committed 7552K, reserved 1048576K
Event: 405.075 GC heap after
Heap after GC invocations=26 (full 4):
 PSYoungGen      total 549376K, used 0K [0x00000000d5580000, 0x00000000f9300000, 0x0000000100000000)
  eden space 515584K, 0% used [0x00000000d5580000,0x00000000d5580000,0x00000000f4d00000)
  from space 33792K, 0% used [0x00000000f7200000,0x00000000f7200000,0x00000000f9300000)
  to   space 35840K, 0% used [0x00000000f4d00000,0x00000000f4d00000,0x00000000f7000000)
 ParOldGen       total 192000K, used 59775K [0x0000000080000000, 0x000000008bb80000, 0x00000000d5580000)
  object space 192000K, 31% used [0x0000000080000000,0x0000000083a5fea8,0x000000008bb80000)
 Metaspace       used 52502K, capacity 55658K, committed 55936K, reserved 1097728K
  class space    used 6945K, capacity 7465K, committed 7552K, reserved 1048576K
}
Event: 406.822 GC heap before
{Heap before GC invocations=27 (full 4):
 PSYoungGen      total 549376K, used 515584K [0x00000000d5580000, 0x00000000f9300000, 0x0000000100000000)
  eden space 515584K, 100% used [0x00000000d5580000,0x00000000f4d00000,0x00000000f4d00000)
  from space 33792K, 0% used [0x00000000f7200000,0x00000000f7200000,0x00000000f9300000)
  to   space 35840K, 0% used [0x00000000f4d00000,0x00000000f4d00000,0x00000000f7000000)
 ParOldGen       total 192000K, used 59775K [0x0000000080000000, 0x000000008bb80000, 0x00000000d5580000)
  object space 192000K, 31% used [0x0000000080000000,0x0000000083a5fea8,0x000000008bb80000)
 Metaspace       used 52594K, capacity 55704K, committed 55936K, reserved 1097728K
  class space    used 6950K, capacity 7472K, committed 7552K, reserved 1048576K
Event: 406.851 GC heap after
Heap after GC invocations=27 (full 4):
 PSYoungGen      total 551424K, used 29984K [0x00000000d5580000, 0x0000000100000000, 0x0000000100000000)
  eden space 515584K, 0% used [0x00000000d5580000,0x00000000d5580000,0x00000000f4d00000)
  from space 35840K, 83% used [0x00000000f4d00000,0x00000000f6a48000,0x00000000f7000000)
  to   space 38400K, 0% used [0x00000000fda80000,0x00000000fda80000,0x0000000100000000)
 ParOldGen       total 192000K, used 59783K [0x0000000080000000, 0x000000008bb80000, 0x00000000d5580000)
  object space 192000K, 31% used [0x0000000080000000,0x0000000083a61ea8,0x000000008bb80000)
 Metaspace       used 52594K, capacity 55704K, committed 55936K, reserved 1097728K
  class space    used 6950K, capacity 7472K, committed 7552K, reserved 1048576K
}
Event: 408.328 GC heap before
{Heap before GC invocations=28 (full 4):
 PSYoungGen      total 551424K, used 545568K [0x00000000d5580000, 0x0000000100000000, 0x0000000100000000)
  eden space 515584K, 100% used [0x00000000d5580000,0x00000000f4d00000,0x00000000f4d00000)
  from space 35840K, 83% used [0x00000000f4d00000,0x00000000f6a48000,0x00000000f7000000)
  to   space 38400K, 0% used [0x00000000fda80000,0x00000000fda80000,0x0000000100000000)
 ParOldGen       total 192000K, used 59783K [0x0000000080000000, 0x000000008bb80000, 0x00000000d5580000)
  object space 192000K, 31% used [0x0000000080000000,0x0000000083a61ea8,0x000000008bb80000)
 Metaspace       used 52603K, capacity 55710K, committed 55936K, reserved 1097728K
  class space    used 6951K, capacity 7473K, committed 7552K, reserved 1048576K
Event: 408.369 GC heap after
Heap after GC invocations=28 (full 4):
 PSYoungGen      total 654336K, used 32288K [0x00000000d5580000, 0x0000000100000000, 0x0000000100000000)
  eden space 615936K, 0% used [0x00000000d5580000,0x00000000d5580000,0x00000000faf00000)
  from space 38400K, 84% used [0x00000000fda80000,0x00000000ffa08020,0x0000000100000000)
  to   space 41472K, 0% used [0x00000000faf00000,0x00000000faf00000,0x00000000fd780000)
 ParOldGen       total 192000K, used 87774K [0x0000000080000000, 0x000000008bb80000, 0x00000000d5580000)
  object space 192000K, 45% used [0x0000000080000000,0x00000000855b78d0,0x000000008bb80000)
 Metaspace       used 52603K, capacity 55710K, committed 55936K, reserved 1097728K
  class space    used 6951K, capacity 7473K, committed 7552K, reserved 1048576K
}
Event: 433.522 GC heap before
{Heap before GC invocations=29 (full 4):
 PSYoungGen      total 654336K, used 648224K [0x00000000d5580000, 0x0000000100000000, 0x0000000100000000)
  eden space 615936K, 100% used [0x00000000d5580000,0x00000000faf00000,0x00000000faf00000)
  from space 38400K, 84% used [0x00000000fda80000,0x00000000ffa08020,0x0000000100000000)
  to   space 41472K, 0% used [0x00000000faf00000,0x00000000faf00000,0x00000000fd780000)
 ParOldGen       total 192000K, used 87774K [0x0000000080000000, 0x000000008bb80000, 0x00000000d5580000)
  object space 192000K, 45% used [0x0000000080000000,0x00000000855b78d0,0x000000008bb80000)
 Metaspace       used 52837K, capacity 55944K, committed 56192K, reserved 1097728K
  class space    used 6960K, capacity 7488K, committed 7552K, reserved 1048576K
Event: 433.568 GC heap after
Heap after GC invocations=29 (full 4):
 PSYoungGen      total 651264K, used 35126K [0x00000000d5580000, 0x0000000100000000, 0x0000000100000000)
  eden space 615936K, 0% used [0x00000000d5580000,0x00000000d5580000,0x00000000faf00000)
  from space 35328K, 99% used [0x00000000faf00000,0x00000000fd14d8e8,0x00000000fd180000)
  to   space 45056K, 0% used [0x00000000fd400000,0x00000000fd400000,0x0000000100000000)
 ParOldGen       total 192000K, used 112869K [0x0000000080000000, 0x000000008bb80000, 0x00000000d5580000)
  object space 192000K, 58% used [0x0000000080000000,0x0000000086e395b8,0x000000008bb80000)
 Metaspace       used 52837K, capacity 55944K, committed 56192K, reserved 1097728K
  class space    used 6960K, capacity 7488K, committed 7552K, reserved 1048576K
}

