# JRE version: Java(TM) SE Runtime Environment (8.0_181-b13) (build 1.8.0_181-b13)
# Java VM: Java HotSpot(TM) 64-Bit Server VM (25.181-b13 mixed mode windows-amd64 compressed oops)
Heap:
 PSYoungGen      total 634880K, used 89183K [0x00000000d5580000, 0x00000000ff880000, 0x0000000100000000)
  eden space 578560K, 15% used [0x00000000d5580000,0x00000000dac97f18,0x00000000f8a80000)
  from space 56320K, 0% used [0x00000000f8a80000,0x00000000f8a80000,0x00000000fc180000)
  to   space 53248K, 0% used [0x00000000fc480000,0x00000000fc480000,0x00000000ff880000)
 ParOldGen       total 248320K, used 43252K [0x0000000080000000, 0x000000008f280000, 0x00000000d5580000)
  object space 248320K, 17% used [0x0000000080000000,0x0000000082a3d068,0x000000008f280000)
 Metaspace       used 52950K, capacity 56272K, committed 56448K, reserved 1097728K
  class space    used 6957K, capacity 7506K, committed 7552K, reserved 1048576K
GC Heap History (10 events):
Event: 158.244 GC heap before
{Heap before GC invocations=35 (full 5):
 PSYoungGen      total 624640K, used 590464K [0x00000000d5580000, 0x00000000ffe80000, 0x0000000100000000)
  eden space 558592K, 100% used [0x00000000d5580000,0x00000000f7700000,0x00000000f7700000)
  from space 66048K, 48% used [0x00000000f7700000,0x00000000f9620020,0x00000000fb780000)
  to   space 62976K, 0% used [0x00000000fc100000,0x00000000fc100000,0x00000000ffe80000)
 ParOldGen       total 248320K, used 95168K [0x0000000080000000, 0x000000008f280000, 0x00000000d5580000)
  object space 248320K, 38% used [0x0000000080000000,0x0000000085cf02a0,0x000000008f280000)
 Metaspace       used 52708K, capacity 55970K, committed 56192K, reserved 1097728K
  class space    used 6946K, capacity 7491K, committed 7552K, reserved 1048576K
Event: 158.351 GC heap after
Heap after GC invocations=35 (full 5):
 PSYoungGen      total 628224K, used 36000K [0x00000000d5580000, 0x00000000ffa00000, 0x0000000100000000)
  eden space 569856K, 0% used [0x00000000d5580000,0x00000000d5580000,0x00000000f8200000)
  from space 58368K, 61% used [0x00000000fc100000,0x00000000fe428020,0x00000000ffa00000)
  to   space 61440K, 0% used [0x00000000f8200000,0x00000000f8200000,0x00000000fbe00000)
 ParOldGen       total 248320K, used 125068K [0x0000000080000000, 0x000000008f280000, 0x00000000d5580000)
  object space 248320K, 50% used [0x0000000080000000,0x0000000087a23018,0x000000008f280000)
 Metaspace       used 52708K, capacity 55970K, committed 56192K, reserved 1097728K
  class space    used 6946K, capacity 7491K, committed 7552K, reserved 1048576K
}
Event: 159.727 GC heap before
{Heap before GC invocations=36 (full 5):
 PSYoungGen      total 628224K, used 605856K [0x00000000d5580000, 0x00000000ffa00000, 0x0000000100000000)
  eden space 569856K, 100% used [0x00000000d5580000,0x00000000f8200000,0x00000000f8200000)
  from space 58368K, 61% used [0x00000000fc100000,0x00000000fe428020,0x00000000ffa00000)
  to   space 61440K, 0% used [0x00000000f8200000,0x00000000f8200000,0x00000000fbe00000)
 ParOldGen       total 248320K, used 125068K [0x0000000080000000, 0x000000008f280000, 0x00000000d5580000)
  object space 248320K, 50% used [0x0000000080000000,0x0000000087a23018,0x000000008f280000)
 Metaspace       used 52724K, capacity 56040K, committed 56192K, reserved 1097728K
  class space    used 6947K, capacity 7492K, committed 7552K, reserved 1048576K
Event: 159.853 GC heap after
Heap after GC invocations=36 (full 5):
 PSYoungGen      total 631296K, used 32576K [0x00000000d5580000, 0x00000000ffe00000, 0x0000000100000000)
  eden space 569856K, 0% used [0x00000000d5580000,0x00000000d5580000,0x00000000f8200000)
  from space 61440K, 53% used [0x00000000f8200000,0x00000000fa1d0020,0x00000000fbe00000)
  to   space 58880K, 0% used [0x00000000fc480000,0x00000000fc480000,0x00000000ffe00000)
 ParOldGen       total 248320K, used 158150K [0x0000000080000000, 0x000000008f280000, 0x00000000d5580000)
  object space 248320K, 63% used [0x0000000080000000,0x0000000089a71ac0,0x000000008f280000)
 Metaspace       used 52724K, capacity 56040K, committed 56192K, reserved 1097728K
  class space    used 6947K, capacity 7492K, committed 7552K, reserved 1048576K
}
Event: 161.208 GC heap before
{Heap before GC invocations=37 (full 5):
 PSYoungGen      total 631296K, used 602432K [0x00000000d5580000, 0x00000000ffe00000, 0x0000000100000000)
  eden space 569856K, 100% used [0x00000000d5580000,0x00000000f8200000,0x00000000f8200000)
  from space 61440K, 53% used [0x00000000f8200000,0x00000000fa1d0020,0x00000000fbe00000)
  to   space 58880K, 0% used [0x00000000fc480000,0x00000000fc480000,0x00000000ffe00000)
 ParOldGen       total 248320K, used 158150K [0x0000000080000000, 0x000000008f280000, 0x00000000d5580000)
  object space 248320K, 63% used [0x0000000080000000,0x0000000089a71ac0,0x000000008f280000)
 Metaspace       used 52744K, capacity 56046K, committed 56192K, reserved 1097728K
  class space    used 6950K, capacity 7493K, committed 7552K, reserved 1048576K
Event: 161.310 GC heap after
Heap after GC invocations=37 (full 5):
 PSYoungGen      total 631808K, used 31584K [0x00000000d5580000, 0x00000000ff880000, 0x0000000100000000)
  eden space 578560K, 0% used [0x00000000d5580000,0x00000000d5580000,0x00000000f8a80000)
  from space 53248K, 59% used [0x00000000fc480000,0x00000000fe358000,0x00000000ff880000)
  to   space 56320K, 0% used [0x00000000f8a80000,0x00000000f8a80000,0x00000000fc180000)
 ParOldGen       total 248320K, used 188174K [0x0000000080000000, 0x000000008f280000, 0x00000000d5580000)
  object space 248320K, 75% used [0x0000000080000000,0x000000008b7c3818,0x000000008f280000)
 Metaspace       used 52744K, capacity 56046K, committed 56192K, reserved 1097728K
  class space    used 6950K, capacity 7493K, committed 7552K, reserved 1048576K
}
Event: 256.668 GC heap before
{Heap before GC invocations=38 (full 5):
 PSYoungGen      total 631808K, used 610144K [0x00000000d5580000, 0x00000000ff880000, 0x0000000100000000)
  eden space 578560K, 100% used [0x00000000d5580000,0x00000000f8a80000,0x00000000f8a80000)
  from space 53248K, 59% used [0x00000000fc480000,0x00000000fe358000,0x00000000ff880000)
  to   space 56320K, 0% used [0x00000000f8a80000,0x00000000f8a80000,0x00000000fc180000)
 ParOldGen       total 248320K, used 188174K [0x0000000080000000, 0x000000008f280000, 0x00000000d5580000)
  object space 248320K, 75% used [0x0000000080000000,0x000000008b7c3818,0x000000008f280000)
 Metaspace       used 52949K, capacity 56272K, committed 56448K, reserved 1097728K
  class space    used 6957K, capacity 7506K, committed 7552K, reserved 1048576K
Event: 256.744 GC heap after
Heap after GC invocations=38 (full 5):
 PSYoungGen      total 634880K, used 33648K [0x00000000d5580000, 0x00000000ff880000, 0x0000000100000000)
  eden space 578560K, 0% used [0x00000000d5580000,0x00000000d5580000,0x00000000f8a80000)
  from space 56320K, 59% used [0x00000000f8a80000,0x00000000fab5c110,0x00000000fc180000)
  to   space 53248K, 0% used [0x00000000fc480000,0x00000000fc480000,0x00000000ff880000)
 ParOldGen       total 248320K, used 217519K [0x0000000080000000, 0x000000008f280000, 0x00000000d5580000)
  object space 248320K, 87% used [0x0000000080000000,0x000000008d46bc60,0x000000008f280000)
 Metaspace       used 52949K, capacity 56272K, committed 56448K, reserved 1097728K
  class space    used 6957K, capacity 7506K, committed 7552K, reserved 1048576K
}
Event: 256.744 GC heap before
{Heap before GC invocations=39 (full 6):
 PSYoungGen      total 634880K, used 33648K [0x00000000d5580000, 0x00000000ff880000, 0x0000000100000000)
  eden space 578560K, 0% used [0x00000000d5580000,0x00000000d5580000,0x00000000f8a80000)
  from space 56320K, 59% used [0x00000000f8a80000,0x00000000fab5c110,0x00000000fc180000)
  to   space 53248K, 0% used [0x00000000fc480000,0x00000000fc480000,0x00000000ff880000)
 ParOldGen       total 248320K, used 217519K [0x0000000080000000, 0x000000008f280000, 0x00000000d5580000)
  object space 248320K, 87% used [0x0000000080000000,0x000000008d46bc60,0x000000008f280000)
 Metaspace       used 52949K, capacity 56272K, committed 56448K, reserved 1097728K
  class space    used 6957K, capacity 7506K, committed 7552K, reserved 1048576K
Event: 256.855 GC heap after
Heap after GC invocations=39 (full 6):
 PSYoungGen      total 634880K, used 0K [0x00000000d5580000, 0x00000000ff880000, 0x0000000100000000)
  eden space 578560K, 0% used [0x00000000d5580000,0x00000000d5580000,0x00000000f8a80000)
  from space 56320K, 0% used [0x00000000f8a80000,0x00000000f8a80000,0x00000000fc180000)
  to   space 53248K, 0% used [0x00000000fc480000,0x00000000fc480000,0x00000000ff880000)
 ParOldGen       total 248320K, used 43252K [0x0000000080000000, 0x000000008f280000, 0x00000000d5580000)
  object space 248320K, 17% used [0x0000000080000000,0x0000000082a3d068,0x000000008f280000)
 Metaspace       used 52949K, capacity 56272K, committed 56448K, reserved 1097728K
  class space    used 6957K, capacity 7506K, committed 7552K, reserved 1048576K
}

